<?xml version="1.0" encoding="UTF-8"?>
<coverage generated="1698971917408" clover="3.2.0">
  <project timestamp="1698971917409" name="All files">
    <metrics statements="6" coveredstatements="4" conditionals="5" coveredconditionals="4" methods="3" coveredmethods="3" elements="14" coveredelements="11" complexity="0" loc="6" ncloc="6" packages="1" files="3" classes="3"/>
    <file name="Checkbox.js" path="C:\Proyectos\AprendiendoReactJS\IntroduccionReactJS\react-testing\star-testing-app\src\Checkbox.js">
      <metrics statements="3" coveredstatements="3" conditionals="2" coveredconditionals="2" methods="2" coveredmethods="2"/>
      <line num="4" count="3" type="stmt"/>
      <line num="5" count="2" type="stmt"/>
      <line num="9" count="3" type="stmt"/>
    </file>
    <file name="Star.js" path="C:\Proyectos\AprendiendoReactJS\IntroduccionReactJS\react-testing\star-testing-app\src\Star.js">
      <metrics statements="1" coveredstatements="1" conditionals="3" coveredconditionals="2" methods="1" coveredmethods="1"/>
      <line num="4" count="1" type="stmt"/>
    </file>
    <file name="index.js" path="C:\Proyectos\AprendiendoReactJS\IntroduccionReactJS\react-testing\star-testing-app\src\index.js">
      <metrics statements="2" coveredstatements="0" conditionals="0" coveredconditionals="0" methods="0" coveredmethods="0"/>
      <line num="5" count="0" type="stmt"/>
      <line num="6" count="0" type="stmt"/>
    </file>
  </project>
</coverage>
