{"C:\\Proyectos\\AprendiendoReactJS\\IntroduccionReactJS\\react-testing\\star-testing-app\\src\\Checkbox.js": {"path":"C:\\Proyectos\\AprendiendoReactJS\\IntroduccionReactJS\\react-testing\\star-testing-app\\src\\Checkbox.js","statementMap":{"0":{"start":{"line":4,"column":32},"end":{"line":7,"column":3}},"1":{"start":{"line":5,"column":15},"end":{"line":5,"column":23}},"2":{"start":{"line":9,"column":2},"end":{"line":20,"column":4}}},"fnMap":{"0":{"name":"Checkbox","decl":{"start":{"line":3,"column":16},"end":{"line":3,"column":24}},"loc":{"start":{"line":3,"column":27},"end":{"line":21,"column":1}},"line":3},"1":{"name":"(anonymous_1)","decl":{"start":{"line":5,"column":4},"end":{"line":5,"column":5}},"loc":{"start":{"line":5,"column":15},"end":{"line":5,"column":23}},"line":5}},"branchMap":{"0":{"loc":{"start":{"line":12,"column":9},"end":{"line":12,"column":44}},"type":"cond-expr","locations":[{"start":{"line":12,"column":19},"end":{"line":12,"column":28}},{"start":{"line":12,"column":31},"end":{"line":12,"column":44}}],"line":12}},"s":{"0":3,"1":2,"2":3},"f":{"0":3,"1":2},"b":{"0":[1,2]},"_coverageSchema":"1a1c01bbd47fc00a2c39e90264f33305004495a9","hash":"98f3c38d929c33fa2e49a40aa846537f7ef243c8"}
,"C:\\Proyectos\\AprendiendoReactJS\\IntroduccionReactJS\\react-testing\\star-testing-app\\src\\Star.js": {"path":"C:\\Proyectos\\AprendiendoReactJS\\IntroduccionReactJS\\react-testing\\star-testing-app\\src\\Star.js","statementMap":{"0":{"start":{"line":4,"column":2},"end":{"line":9,"column":4}}},"fnMap":{"0":{"name":"Star","decl":{"start":{"line":3,"column":24},"end":{"line":3,"column":28}},"loc":{"start":{"line":3,"column":51},"end":{"line":10,"column":1}},"line":3}},"branchMap":{"0":{"loc":{"start":{"line":3,"column":31},"end":{"line":3,"column":47}},"type":"default-arg","locations":[{"start":{"line":3,"column":42},"end":{"line":3,"column":47}}],"line":3},"1":{"loc":{"start":{"line":7,"column":31},"end":{"line":7,"column":56}},"type":"cond-expr","locations":[{"start":{"line":7,"column":42},"end":{"line":7,"column":47}},{"start":{"line":7,"column":50},"end":{"line":7,"column":56}}],"line":7}},"s":{"0":1},"f":{"0":1},"b":{"0":[1],"1":[0,1]},"_coverageSchema":"1a1c01bbd47fc00a2c39e90264f33305004495a9","hash":"e76d009bd25fd80b3f9ae836920910d0a0d777af"}
,"C:\\Proyectos\\AprendiendoReactJS\\IntroduccionReactJS\\react-testing\\star-testing-app\\src\\index.js": {"path":"C:\\Proyectos\\AprendiendoReactJS\\IntroduccionReactJS\\react-testing\\star-testing-app\\src\\index.js","statementMap":{"0":{"start":{"line":5,"column":13},"end":{"line":5,"column":65}},"1":{"start":{"line":6,"column":0},"end":{"line":10,"column":2}}},"fnMap":{},"branchMap":{},"s":{"0":0,"1":0},"f":{},"b":{}}
}
